2024-12-10 13:19:39:1939 info: Server is running on port 3000
2024-12-10 13:19:39:1939 info: API Documentation available at http://localhost:3000/api-docs
2024-12-10 13:28:20:2820 info: Server is running on port 3000
2024-12-10 13:28:20:2820 info: API Documentation available at http://localhost:3000/api-docs
2024-12-10 13:28:35:2835 error: Error occurred:
2024-12-10 13:29:23:2923 error: Error occurred:
2024-12-10 13:31:06:316 info: Server is running on port 3000
2024-12-10 13:31:06:316 info: API Documentation available at http://localhost:3000/api-docs
2024-12-10 13:38:53:3853 error: Error occurred:
2024-12-10 13:39:09:399 error: Error occurred:
2024-12-10 13:43:49:4349 info: Server is running on port 3000
2024-12-10 13:43:49:4349 info: API Documentation available at http://localhost:3000/api-docs
2024-12-10 13:44:27:4427 error: Error occurred:
2024-12-10 14:48:20:4820 info: Server is running on port 3000
2024-12-10 14:48:20:4820 info: API Documentation available at http://localhost:3000/api-docs
2024-12-10 14:55:27:5527 info: Server is running on port 3000
2024-12-10 14:55:27:5527 info: API Documentation available at http://localhost:3000/api-docs
2024-12-10 18:27:31:2731 info: Starting crawling for keyword: 개발자
2024-12-10 18:27:31:2731 info: Crawling page 1...
2024-12-10 18:28:47:2847 info: Page 1 completed. Current total: 40 jobs
2024-12-10 18:28:48:2848 info: Crawling page 2...
2024-12-10 18:29:57:2957 info: Page 2 completed. Current total: 80 jobs
2024-12-10 18:29:58:2958 info: Crawling page 3...
2024-12-10 18:31:08:318 info: Page 3 completed. Current total: 120 jobs
2024-12-10 18:31:09:319 info: Crawling page 4...
2024-12-10 18:32:18:3218 info: Page 4 completed. Current total: 160 jobs
2024-12-10 18:32:19:3219 info: Crawling page 5...
2024-12-10 18:33:29:3329 info: Page 5 completed. Current total: 200 jobs
2024-12-10 18:33:30:3330 info: Results saved to E:\backend\crawled-data\saramin_개발자_2024-12-10.json
2024-12-10 18:33:30:3330 info: Crawling completed
2024-12-10 18:33:30:3330 info: Starting crawling for keyword: python
2024-12-10 18:33:30:3330 info: Crawling page 1...
2024-12-10 18:34:40:3440 info: Page 1 completed. Current total: 40 jobs
2024-12-10 18:34:41:3441 info: Crawling page 2...
2024-12-10 18:35:51:3551 info: Page 2 completed. Current total: 80 jobs
2024-12-10 18:35:52:3552 info: Crawling page 3...
2024-12-10 18:37:04:374 info: Page 3 completed. Current total: 120 jobs
2024-12-10 18:37:05:375 info: Crawling page 4...
2024-12-10 18:38:18:3818 info: Page 4 completed. Current total: 160 jobs
2024-12-10 18:38:19:3819 info: Crawling page 5...
2024-12-10 18:39:30:3930 info: Page 5 completed. Current total: 200 jobs
2024-12-10 18:39:31:3931 info: Results saved to E:\backend\crawled-data\saramin_python_2024-12-10.json
2024-12-10 18:39:31:3931 info: Crawling completed
2024-12-10 18:39:31:3931 info: Starting crawling for keyword: javascript
2024-12-10 18:39:31:3931 info: Crawling page 1...
2024-12-10 18:40:53:4053 info: Page 1 completed. Current total: 40 jobs
2024-12-10 18:40:54:4054 info: Crawling page 2...
2024-12-10 18:42:28:4228 info: Page 2 completed. Current total: 80 jobs
2024-12-10 18:42:29:4229 info: Crawling page 3...
2024-12-10 18:43:35:4335 warn: Retry attempt 1 for URL: https://www.saramin.co.kr/zf_user/jobs/relay/view?view_type=search&rec_idx=49188717&location=ts&searchword=javascript&searchType=search&paid_fl=n&search_uuid=595c41e2-67fd-4068-88a6-1e0972c3388b
2024-12-10 18:43:40:4340 info: Page 3 completed. Current total: 120 jobs
2024-12-10 18:43:41:4341 info: Crawling page 4...
2024-12-10 18:44:05:445 warn: Retry attempt 1 for URL: https://www.saramin.co.kr/zf_user/jobs/relay/view?view_type=search&rec_idx=49534324&location=ts&searchword=javascript&searchType=search&paid_fl=n&search_uuid=221c5d73-552e-4df2-a3c1-886049171a65
2024-12-10 18:44:52:4452 info: Page 4 completed. Current total: 160 jobs
2024-12-10 18:44:53:4453 info: Crawling page 5...
2024-12-10 18:45:02:452 warn: Retry attempt 1 for URL: https://www.saramin.co.kr/zf_user/jobs/relay/view?view_type=search&rec_idx=49409827&location=ts&searchword=javascript&searchType=search&paid_fl=n&search_uuid=5c88212d-fd16-414b-ba58-f963a3142b1c
2024-12-10 18:45:16:4516 warn: Retry attempt 1 for URL: https://www.saramin.co.kr/zf_user/jobs/relay/view?view_type=search&rec_idx=49498404&location=ts&searchword=javascript&searchType=search&paid_fl=n&search_uuid=5c88212d-fd16-414b-ba58-f963a3142b1c
2024-12-10 18:47:52:4752 info: Initializing database...
2024-12-10 18:47:52:4752 info: Database initialized successfully
2024-12-10 18:47:52:4752 info: Starting crawling for keyword: 개발자
2024-12-10 18:47:52:4752 info: Crawling page 1...
2024-12-10 18:49:02:492 info: Page 1 completed. Current total: 40 jobs
2024-12-10 18:49:03:493 info: Crawling page 2...
2024-12-10 18:50:12:5012 info: Page 2 completed. Current total: 80 jobs
2024-12-10 18:50:13:5013 info: Crawling page 3...
2024-12-10 18:50:20:5020 warn: Retry attempt 1 for URL: https://www.saramin.co.kr/zf_user/jobs/relay/view?view_type=search&rec_idx=49526223&location=ts&searchword=%EA%B0%9C%EB%B0%9C%EC%9E%90&searchType=search&paid_fl=n&search_uuid=d0a9cb7f-5e17-4240-a068-ec774a5c78bb
2024-12-10 18:50:25:5025 warn: Retry attempt 1 for URL: https://www.saramin.co.kr/zf_user/jobs/relay/view?view_type=search&rec_idx=49213716&location=ts&searchword=%EA%B0%9C%EB%B0%9C%EC%9E%90&searchType=search&paid_fl=n&search_uuid=d0a9cb7f-5e17-4240-a068-ec774a5c78bb
2024-12-10 18:51:28:5128 info: Page 3 completed. Current total: 120 jobs
2024-12-10 18:51:29:5129 info: Crawling page 4...
2024-12-10 18:51:50:5150 warn: Retry attempt 1 for URL: https://www.saramin.co.kr/zf_user/jobs/relay/view?view_type=search&rec_idx=49551748&location=ts&searchword=%EA%B0%9C%EB%B0%9C%EC%9E%90&searchType=search&paid_fl=n&search_uuid=b21959d1-5696-4d1c-8937-fa4cfc19f13b
2024-12-10 18:52:41:5241 info: Page 4 completed. Current total: 160 jobs
2024-12-10 18:52:42:5242 info: Crawling page 5...
2024-12-10 18:53:50:5350 info: Page 5 completed. Current total: 200 jobs
2024-12-10 18:53:51:5351 info: Results saved to E:\backend\backend\crawled-data\saramin_개발자_2024-12-10.json
2024-12-10 18:53:51:5351 info: Crawling completed
2024-12-10 18:53:51:5351 info: Starting crawling for keyword: python
2024-12-10 18:53:51:5351 info: Crawling page 1...
2024-12-10 18:54:59:5459 info: Page 1 completed. Current total: 40 jobs
2024-12-10 18:55:00:550 info: Crawling page 2...
2024-12-10 18:56:09:569 info: Page 2 completed. Current total: 80 jobs
2024-12-10 18:56:10:5610 info: Crawling page 3...
2024-12-10 18:57:20:5720 info: Page 3 completed. Current total: 120 jobs
2024-12-10 18:57:21:5721 info: Crawling page 4...
2024-12-10 18:58:05:585 warn: Retry attempt 1 for URL: https://www.saramin.co.kr/zf_user/jobs/relay/view?view_type=search&rec_idx=49548561&location=ts&searchword=python&searchType=search&paid_fl=n&search_uuid=52e9e291-50e4-4889-ac1a-1023e2663e42
2024-12-10 18:58:32:5832 info: Page 4 completed. Current total: 160 jobs
2024-12-10 18:58:33:5833 info: Crawling page 5...
2024-12-10 18:59:42:5942 info: Page 5 completed. Current total: 200 jobs
2024-12-10 18:59:43:5943 info: Results saved to E:\backend\backend\crawled-data\saramin_python_2024-12-10.json
2024-12-10 18:59:43:5943 info: Crawling completed
2024-12-10 18:59:43:5943 info: Starting crawling for keyword: javascript
2024-12-10 18:59:43:5943 info: Crawling page 1...
2024-12-10 19:00:53:053 info: Page 1 completed. Current total: 40 jobs
2024-12-10 19:00:54:054 info: Crawling page 2...
2024-12-10 19:01:59:159 warn: Retry attempt 1 for URL: https://www.saramin.co.kr/zf_user/jobs/relay/view?view_type=search&rec_idx=49548561&location=ts&searchword=javascript&searchType=search&paid_fl=n&search_uuid=a6591f2f-401a-4998-960e-602c804874b8
2024-12-10 19:02:06:26 info: Page 2 completed. Current total: 80 jobs
2024-12-10 19:02:07:27 info: Crawling page 3...
2024-12-10 19:03:00:30 warn: Retry attempt 1 for URL: https://www.saramin.co.kr/zf_user/jobs/relay/view?view_type=search&rec_idx=49525634&location=ts&searchword=javascript&searchType=search&paid_fl=n&search_uuid=7e38a8c5-d3ee-490c-b210-87a199655d4a
2024-12-10 19:03:19:319 info: Page 3 completed. Current total: 120 jobs
2024-12-10 19:03:20:320 info: Crawling page 4...
2024-12-10 19:04:28:428 info: Page 4 completed. Current total: 160 jobs
2024-12-10 19:04:29:429 info: Crawling page 5...
2024-12-10 19:05:37:537 info: Page 5 completed. Current total: 200 jobs
2024-12-10 19:05:38:538 info: Results saved to E:\backend\backend\crawled-data\saramin_javascript_2024-12-10.json
2024-12-10 19:05:38:538 info: Crawling completed
2024-12-10 19:05:38:538 info: Starting crawling for keyword: java
2024-12-10 19:05:38:538 info: Crawling page 1...
2024-12-10 19:06:23:623 info: Initializing database...
2024-12-10 19:06:23:623 info: Database initialized successfully
2024-12-10 19:06:23:623 info: Starting crawling for keyword: 개발자
2024-12-10 19:06:23:623 info: Crawling page 1...
2024-12-10 19:06:58:658 info: Page 1 completed. Current total: 20 jobs
2024-12-10 19:06:59:659 info: Crawling page 2...
2024-12-10 19:07:21:721 warn: Retry attempt 1 for URL: https://www.saramin.co.kr/zf_user/jobs/relay/view?view_type=search&rec_idx=49550565&location=ts&searchword=%EA%B0%9C%EB%B0%9C%EC%9E%90&searchType=search&paid_fl=n&search_uuid=59545baf-709d-42eb-8831-ea6bd34b6494
2024-12-10 19:07:36:736 info: Page 2 completed. Current total: 40 jobs
2024-12-10 19:07:37:737 info: Crawling page 3...
2024-12-10 19:08:12:812 info: Page 3 completed. Current total: 60 jobs
2024-12-10 19:08:13:813 info: Crawling page 4...
2024-12-10 19:08:48:848 info: Page 4 completed. Current total: 80 jobs
2024-12-10 19:08:49:849 info: Crawling page 5...
2024-12-10 19:09:24:924 info: Page 5 completed. Current total: 100 jobs
2024-12-10 19:09:25:925 info: Results saved to E:\backend\backend\crawled-data\saramin_개발자_2024-12-10.json
2024-12-10 19:09:25:925 info: Crawling completed
2024-12-10 19:09:25:925 info: Starting crawling for keyword: python
2024-12-10 19:09:25:925 info: Crawling page 1...
2024-12-10 19:09:59:959 info: Page 1 completed. Current total: 20 jobs
2024-12-10 19:10:00:100 info: Crawling page 2...
2024-12-10 19:10:34:1034 info: Page 2 completed. Current total: 40 jobs
2024-12-10 19:10:35:1035 info: Crawling page 3...
2024-12-10 19:10:37:1037 warn: Retry attempt 1 for URL: https://www.saramin.co.kr/zf_user/jobs/relay/view?view_type=search&rec_idx=49564746&location=ts&searchword=python&searchType=search&paid_fl=n&search_uuid=29dd0a39-eb8c-4cd4-b827-2d208cbf44b7
2024-12-10 19:11:13:1113 info: Page 3 completed. Current total: 60 jobs
2024-12-10 19:11:14:1114 info: Crawling page 4...
2024-12-10 19:11:49:1149 info: Page 4 completed. Current total: 80 jobs
2024-12-10 19:11:50:1150 info: Crawling page 5...
2024-12-10 19:12:27:1227 info: Page 5 completed. Current total: 100 jobs
2024-12-10 19:12:28:1228 info: Results saved to E:\backend\backend\crawled-data\saramin_python_2024-12-10.json
2024-12-10 19:12:28:1228 info: Crawling completed
2024-12-10 19:12:28:1228 info: Starting crawling for keyword: javascript
2024-12-10 19:12:28:1228 info: Crawling page 1...
2024-12-10 19:13:03:133 info: Page 1 completed. Current total: 20 jobs
2024-12-10 19:13:04:134 info: Crawling page 2...
2024-12-10 19:13:28:1328 warn: Retry attempt 1 for URL: https://www.saramin.co.kr/zf_user/jobs/relay/view?view_type=search&rec_idx=48494926&location=ts&searchword=javascript&searchType=search&paid_fl=n&search_uuid=f6d645bd-e724-41c5-ac6a-f8c4a88d9746
2024-12-10 19:13:44:1344 info: Page 2 completed. Current total: 40 jobs
2024-12-10 19:13:45:1345 info: Crawling page 3...
2024-12-10 19:14:20:1420 info: Page 3 completed. Current total: 60 jobs
2024-12-10 19:14:21:1421 info: Crawling page 4...
2024-12-10 19:14:27:1427 warn: Retry attempt 1 for URL: https://www.saramin.co.kr/zf_user/jobs/relay/view?view_type=search&rec_idx=49493135&location=ts&searchword=javascript&searchType=search&paid_fl=n&search_uuid=5d27247b-df3f-412d-af61-e10c77e0025c
2024-12-10 19:14:40:1440 warn: Retry attempt 1 for URL: https://www.saramin.co.kr/zf_user/jobs/relay/view?view_type=search&rec_idx=49496304&location=ts&searchword=javascript&searchType=search&paid_fl=n&search_uuid=5d27247b-df3f-412d-af61-e10c77e0025c
2024-12-10 19:15:02:152 info: Page 4 completed. Current total: 80 jobs
2024-12-10 19:15:03:153 info: Crawling page 5...
2024-12-10 19:15:38:1538 info: Page 5 completed. Current total: 100 jobs
2024-12-10 19:15:39:1539 info: Results saved to E:\backend\backend\crawled-data\saramin_javascript_2024-12-10.json
2024-12-10 19:15:39:1539 info: Crawling completed
2024-12-10 19:15:39:1539 info: Starting crawling for keyword: java
2024-12-10 19:15:39:1539 info: Crawling page 1...
2024-12-10 19:16:14:1614 info: Page 1 completed. Current total: 20 jobs
2024-12-10 19:16:15:1615 info: Crawling page 2...
2024-12-10 19:16:49:1649 info: Page 2 completed. Current total: 40 jobs
2024-12-10 19:16:50:1650 info: Crawling page 3...
2024-12-10 19:17:26:1726 info: Page 3 completed. Current total: 60 jobs
2024-12-10 19:17:27:1727 info: Crawling page 4...
2024-12-10 19:18:02:182 info: Page 4 completed. Current total: 80 jobs
2024-12-10 19:18:03:183 info: Crawling page 5...
2024-12-10 19:18:38:1838 info: Page 5 completed. Current total: 100 jobs
2024-12-10 19:18:39:1839 info: Results saved to E:\backend\backend\crawled-data\saramin_java_2024-12-10.json
2024-12-10 20:36:25:3625 info: Server is running on port 3000
2024-12-10 20:36:25:3625 info: API Documentation available at http://localhost:3000/api-docs
2024-12-10 20:40:40:4040 info: Initializing database...
2024-12-10 20:40:41:4041 info: Database initialized successfully
2024-12-10 20:40:41:4041 info: Starting crawling for keyword: 개발자
2024-12-10 20:40:41:4041 info: Crawling page 1...
2024-12-10 20:41:15:4115 info: Page 1 completed. Current total: 20 jobs
2024-12-10 20:41:16:4116 info: Crawling page 2...
2024-12-10 20:41:51:4151 info: Page 2 completed. Current total: 40 jobs
2024-12-10 20:41:52:4152 info: Crawling page 3...
2024-12-10 20:42:26:4226 info: Page 3 completed. Current total: 60 jobs
2024-12-10 20:42:27:4227 info: Crawling page 4...
2024-12-10 20:43:02:432 info: Page 4 completed. Current total: 80 jobs
2024-12-10 20:43:03:433 info: Crawling page 5...
2024-12-10 20:43:38:4338 info: Page 5 completed. Current total: 100 jobs
2024-12-10 20:43:39:4339 info: Results saved to E:\backend\backend\crawled-data\saramin_개발자_2024-12-10.json
2024-12-10 20:43:39:4339 info: Crawling completed
2024-12-10 20:43:39:4339 info: Starting crawling for keyword: python
2024-12-10 20:43:39:4339 info: Crawling page 1...
2024-12-10 20:44:14:4414 info: Page 1 completed. Current total: 20 jobs
2024-12-10 20:44:15:4415 info: Crawling page 2...
2024-12-10 20:44:50:4450 info: Page 2 completed. Current total: 40 jobs
2024-12-10 20:44:51:4451 info: Crawling page 3...
2024-12-10 20:45:26:4526 info: Page 3 completed. Current total: 60 jobs
2024-12-10 20:45:28:4528 info: Crawling page 4...
2024-12-10 20:46:03:463 info: Page 4 completed. Current total: 80 jobs
2024-12-10 20:46:04:464 info: Crawling page 5...
2024-12-10 20:46:40:4640 info: Page 5 completed. Current total: 100 jobs
2024-12-10 20:46:41:4641 info: Results saved to E:\backend\backend\crawled-data\saramin_python_2024-12-10.json
2024-12-10 20:46:41:4641 info: Crawling completed
2024-12-10 20:46:41:4641 info: Starting crawling for keyword: javascript
2024-12-10 20:46:41:4641 info: Crawling page 1...
2024-12-10 20:47:17:4717 info: Page 1 completed. Current total: 20 jobs
2024-12-10 20:47:18:4718 info: Crawling page 2...
2024-12-10 20:47:54:4754 info: Page 2 completed. Current total: 40 jobs
2024-12-10 20:47:55:4755 info: Crawling page 3...
2024-12-10 20:48:31:4831 info: Page 3 completed. Current total: 60 jobs
2024-12-10 20:48:32:4832 info: Crawling page 4...
2024-12-10 20:49:07:497 info: Page 4 completed. Current total: 80 jobs
2024-12-10 20:49:08:498 info: Crawling page 5...
2024-12-10 20:49:43:4943 info: Page 5 completed. Current total: 100 jobs
2024-12-10 20:49:44:4944 info: Results saved to E:\backend\backend\crawled-data\saramin_javascript_2024-12-10.json
2024-12-10 20:49:44:4944 info: Crawling completed
2024-12-10 20:49:44:4944 info: Starting crawling for keyword: java
2024-12-10 20:49:44:4944 info: Crawling page 1...
2024-12-10 20:50:19:5019 info: Page 1 completed. Current total: 20 jobs
2024-12-10 20:50:20:5020 info: Crawling page 2...
2024-12-10 20:50:54:5054 info: Page 2 completed. Current total: 40 jobs
2024-12-10 20:50:55:5055 info: Crawling page 3...
2024-12-10 20:51:30:5130 info: Page 3 completed. Current total: 60 jobs
2024-12-10 20:51:31:5131 info: Crawling page 4...
2024-12-10 20:52:07:527 info: Page 4 completed. Current total: 80 jobs
2024-12-10 20:52:08:528 info: Crawling page 5...
2024-12-10 20:52:43:5243 info: Page 5 completed. Current total: 100 jobs
2024-12-10 20:52:44:5244 info: Results saved to E:\backend\backend\crawled-data\saramin_java_2024-12-10.json
